2024-02-28 23:35:20	INFO	::casa	
2024-02-28 23:35:20	INFO	::casa	
2024-02-28 23:35:20	INFO	::casa	
2024-02-28 23:35:20	INFO	::casa	
2024-02-28 23:35:20	INFO	::casa	Python version 3.8.10
2024-02-28 23:35:20	INFO	::casa	CASA Version CASALITH 6.6.0.20
2024-02-28 23:35:20	INFO	::casa	
2024-02-28 23:35:20	INFO	::casa	optional configuration file config.py not found, continuing CASA startup without it
2024-02-28 23:35:20	INFO	::casa	
2024-02-28 23:35:20	INFO	::casa	Checking Measures tables in data repository sub-directory /home/sonata/src/casa-6.6.0-20/lib/py/lib/python3.8/site-packages/casadata/__data__/geodetic
2024-02-28 23:35:20	INFO	::casa	  IERSeop2000 (version date, last date in table (UTC)): 2023/09/01/15:00, 2023/08/02/00:00:00
2024-02-28 23:35:20	INFO	::casa	  IERSeop97 (version date, last date in table (UTC)): 2023/09/01/15:00, 2023/08/02/00:00:00
2024-02-28 23:35:20	INFO	::casa	  IERSpredict (version date, last date in table (UTC)): 2023/09/24/15:00, 2023/12/23/00:00:00
2024-02-28 23:35:20	INFO	::casa	  TAI_UTC (version date, last date in table (UTC)): 2023/09/11/15:00, 2017/01/01/00:00:00
2024-02-28 23:38:01	SEVERE	msmetadata_cmpt.cc::open	Exception Reported: Table /home/cchoza/pipelines/processMeerKAT/'/mnt/buf0/cchoza/pol_data/2024-02-26-08:54:10/standard_polcal_set_5.1GHz.ms' does not exist
2024-02-28 23:40:53	SEVERE	msmetadata_cmpt.cc::open	Exception Reported: Table /mnt/buf0/cchoza/pol_data/2024-02-26-08:54:10/'/mnt/buf0/cchoza/pol_data/2024-02-26-08:54:10/standard_polcal_set_5.1GHz.ms' does not exist
2024-02-28 23:41:31	SEVERE	msmetadata_cmpt.cc::open	Exception Reported: Table /mnt/buf0/cchoza/pol_data/2024-02-26-08:54:10/'standard_polcal_set_5.1GHz.ms' does not exist
2024-02-28 23:42:50	INFO	msmetadata_cmpt.cc::open	Performing internal consistency checks on standard_polcal_set_5.1GHz.ms...
2024-02-28 23:43:54	INFO	msmetadata_cmpt.cc::open	Performing internal consistency checks on standard_polcal_set_5.1GHz.ms...
2024-02-28 23:43:54	SEVERE	msmetadata_cmpt.cc::intents	Exception Reported: Tool is not attached to an MS. Use open()
2024-02-28 23:45:18	INFO	msmetadata_cmpt.cc::open	Performing internal consistency checks on standard_polcal_set_5.1GHz.ms...
2024-02-28 23:45:18	SEVERE	msmetadata_cmpt.cc::intents	Exception Reported: Tool is not attached to an MS. Use open()
2024-02-28 23:46:27	INFO	msmetadata_cmpt.cc::open	Performing internal consistency checks on standard_polcal_set_5.1GHz.ms...
2024-02-28 23:46:38	INFO	msmetadata_cmpt.cc::open	Performing internal consistency checks on standard_polcal_set_5.1GHz.ms...
2024-02-28 23:47:06	INFO	msmetadata_cmpt.cc::open	Performing internal consistency checks on standard_polcal_set_5.1GHz.ms...
